<?xml version="1.0" encoding="UTF-8"?>
<testsuite name="qotd.AttributionSpec" tests="1" skipped="0" failures="0" errors="0" timestamp="2016-05-07T01:03:28" hostname="CSCUSAAH778736" time="0.625">
  <properties/>
  <testcase name="test for valid attribution name" classname="qotd.AttributionSpec" time="0.625"/>
  <system-out><![CDATA[]]></system-out>
  <system-err><![CDATA[]]></system-err>
</testsuite>
