<?xml version="1.0" encoding="UTF-8"?>
<testsuite name="qotd.QuoteControllerSpec" tests="7" skipped="0" failures="0" errors="0" timestamp="2016-05-07T01:03:29" hostname="CSCUSAAH778736" time="1.156">
  <properties/>
  <testcase name="Test the index action returns the correct model" classname="qotd.QuoteControllerSpec" time="0.891"/>
  <testcase name="Test the create action returns the correct model" classname="qotd.QuoteControllerSpec" time="0.031"/>
  <testcase name="Test the save action correctly persists an instance" classname="qotd.QuoteControllerSpec" time="0.063"/>
  <testcase name="Test that the show action returns the correct model" classname="qotd.QuoteControllerSpec" time="0.015"/>
  <testcase name="Test that the edit action returns the correct model" classname="qotd.QuoteControllerSpec" time="0.015"/>
  <testcase name="Test the update action performs an update on a valid domain instance" classname="qotd.QuoteControllerSpec" time="0.079"/>
  <testcase name="Test that the delete action deletes an instance if it exists" classname="qotd.QuoteControllerSpec" time="0.046"/>
  <system-out><![CDATA[]]></system-out>
  <system-err><![CDATA[]]></system-err>
</testsuite>
